2023-05-02 15:26:14,044 INFO  [restartedMain] com.tpe.SpringbootintroApplication:Starting SpringbootintroApplication using Java 11.0.17 on DESKTOP-540C3D0 with PID 8932 (C:\Users\ilker\IdeaProjects\springbootintro\target\classes started by ilker in C:\Users\ilker\IdeaProjects\springbootintro)
2023-05-02 15:26:14,045 INFO  [restartedMain] com.tpe.SpringbootintroApplication:No active profile set, falling back to default profiles: default
2023-05-02 15:26:14,082 INFO  [restartedMain] org.springframework.boot.devtools.env.DevToolsPropertyDefaultsPostProcessor:Devtools property defaults active! Set 'spring.devtools.add-properties' to 'false' to disable
2023-05-02 15:26:14,083 INFO  [restartedMain] org.springframework.boot.devtools.env.DevToolsPropertyDefaultsPostProcessor:For additional web related logging consider setting the 'logging.level.web' property to 'DEBUG'
2023-05-02 15:26:14,782 INFO  [restartedMain] org.springframework.data.repository.config.RepositoryConfigurationDelegate:Bootstrapping Spring Data JPA repositories in DEFAULT mode.
2023-05-02 15:26:14,825 INFO  [restartedMain] org.springframework.data.repository.config.RepositoryConfigurationDelegate:Finished Spring Data repository scanning in 36 ms. Found 2 JPA repository interfaces.
2023-05-02 15:26:15,359 INFO  [restartedMain] org.springframework.boot.web.embedded.tomcat.TomcatWebServer:Tomcat initialized with port(s): 8080 (http)
2023-05-02 15:26:15,372 INFO  [restartedMain] org.apache.catalina.core.StandardService:Starting service [Tomcat]
2023-05-02 15:26:15,372 INFO  [restartedMain] org.apache.catalina.core.StandardEngine:Starting Servlet engine: [Apache Tomcat/9.0.56]
2023-05-02 15:26:15,434 INFO  [restartedMain] org.apache.catalina.core.ContainerBase.[Tomcat].[localhost].[/]:Initializing Spring embedded WebApplicationContext
2023-05-02 15:26:15,434 INFO  [restartedMain] org.springframework.boot.web.servlet.context.ServletWebServerApplicationContext:Root WebApplicationContext: initialization completed in 1351 ms
2023-05-02 15:26:15,663 INFO  [restartedMain] org.hibernate.jpa.internal.util.LogHelper:HHH000204: Processing PersistenceUnitInfo [name: default]
2023-05-02 15:26:15,716 INFO  [restartedMain] org.hibernate.Version:HHH000412: Hibernate ORM core version 5.6.4.Final
2023-05-02 15:26:15,859 INFO  [restartedMain] org.hibernate.annotations.common.Version:HCANN000001: Hibernate Commons Annotations {5.1.2.Final}
2023-05-02 15:26:15,949 INFO  [restartedMain] com.zaxxer.hikari.HikariDataSource:HikariPool-1 - Starting...
2023-05-02 15:26:16,129 INFO  [restartedMain] com.zaxxer.hikari.HikariDataSource:HikariPool-1 - Start completed.
2023-05-02 15:26:16,145 INFO  [restartedMain] org.hibernate.dialect.Dialect:HHH000400: Using dialect: org.hibernate.dialect.PostgreSQLDialect
2023-05-02 15:26:16,848 INFO  [restartedMain] org.hibernate.engine.transaction.jta.platform.internal.JtaPlatformInitiator:HHH000490: Using JtaPlatform implementation: [org.hibernate.engine.transaction.jta.platform.internal.NoJtaPlatform]
2023-05-02 15:26:16,854 INFO  [restartedMain] org.springframework.orm.jpa.LocalContainerEntityManagerFactoryBean:Initialized JPA EntityManagerFactory for persistence unit 'default'
2023-05-02 15:26:17,243 WARN  [restartedMain] org.springframework.boot.autoconfigure.orm.jpa.JpaBaseConfiguration$JpaWebConfiguration:spring.jpa.open-in-view is enabled by default. Therefore, database queries may be performed during view rendering. Explicitly configure spring.jpa.open-in-view to disable this warning
2023-05-02 15:26:17,631 INFO  [restartedMain] org.springframework.boot.actuate.endpoint.web.EndpointLinksResolver:Exposing 4 endpoint(s) beneath base path '/actuator'
2023-05-02 15:26:17,639 INFO  [restartedMain] org.springframework.security.web.DefaultSecurityFilterChain:Will secure any request with [org.springframework.security.web.context.request.async.WebAsyncManagerIntegrationFilter@48e7d7fd, org.springframework.security.web.context.SecurityContextPersistenceFilter@165c66bc, org.springframework.security.web.header.HeaderWriterFilter@1c4e50fb, org.springframework.web.filter.CorsFilter@2c40c6f7, org.springframework.security.web.csrf.CsrfFilter@4ad73907, org.springframework.security.web.authentication.logout.LogoutFilter@39c35f8b, org.springframework.security.web.authentication.UsernamePasswordAuthenticationFilter@6df080a0, org.springframework.security.web.authentication.ui.DefaultLoginPageGeneratingFilter@610471c3, org.springframework.security.web.authentication.ui.DefaultLogoutPageGeneratingFilter@4226a221, org.springframework.security.web.authentication.www.BasicAuthenticationFilter@440551b7, org.springframework.security.web.savedrequest.RequestCacheAwareFilter@ac9879d, org.springframework.security.web.servletapi.SecurityContextHolderAwareRequestFilter@2b55033c, org.springframework.security.web.authentication.AnonymousAuthenticationFilter@6eb95795, org.springframework.security.web.session.SessionManagementFilter@11b3a563, org.springframework.security.web.access.ExceptionTranslationFilter@3cef2638, org.springframework.security.web.access.intercept.FilterSecurityInterceptor@6522644]
2023-05-02 15:26:17,701 INFO  [restartedMain] org.springframework.boot.devtools.autoconfigure.OptionalLiveReloadServer:LiveReload server is running on port 35729
2023-05-02 15:26:17,730 INFO  [restartedMain] org.springframework.boot.web.embedded.tomcat.TomcatWebServer:Tomcat started on port(s): 8080 (http) with context path ''
2023-05-02 15:26:17,740 INFO  [restartedMain] com.tpe.SpringbootintroApplication:Started SpringbootintroApplication in 4.078 seconds (JVM running for 4.516)
2023-05-02 15:26:28,018 INFO  [SpringApplicationShutdownHook] org.springframework.orm.jpa.LocalContainerEntityManagerFactoryBean:Closing JPA EntityManagerFactory for persistence unit 'default'
2023-05-02 15:26:28,022 INFO  [SpringApplicationShutdownHook] com.zaxxer.hikari.HikariDataSource:HikariPool-1 - Shutdown initiated...
2023-05-02 15:26:28,027 INFO  [SpringApplicationShutdownHook] com.zaxxer.hikari.HikariDataSource:HikariPool-1 - Shutdown completed.
